  1dop.cpp
G:\лабы 2сем\белодед\15\1zadanie\1dop\Lists.h(47,1): warning C4067: непредвиденные лексемы за директивой препроцессора, требуется newline
G:\лабы 2сем\белодед\15\1zadanie\1dop\1dop.cpp(41,12): warning C4244: аргумент: преобразование "time_t" в "unsigned int", возможна потеря данных
  Hash_Table.cpp
G:\лабы 2сем\белодед\15\1zadanie\1dop\Lists.h(47,1): warning C4067: непредвиденные лексемы за директивой препроцессора, требуется newline
G:\лабы 2сем\белодед\15\1zadanie\1dop\Hash_Table.cpp(48,16): warning C4566: символ, представленный универсальным именем символа "\u00CD", невозможно представить в текущей кодовой странице (1251)
G:\лабы 2сем\белодед\15\1zadanie\1dop\Hash_Table.cpp(48,16): warning C4566: символ, представленный универсальным именем символа "\u00E0", невозможно представить в текущей кодовой странице (1251)
G:\лабы 2сем\белодед\15\1zadanie\1dop\Hash_Table.cpp(48,16): warning C4566: символ, представленный универсальным именем символа "\u00E9", невозможно представить в текущей кодовой странице (1251)
G:\лабы 2сем\белодед\15\1zadanie\1dop\Hash_Table.cpp(48,16): warning C4566: символ, представленный универсальным именем символа "\u00E4", невозможно представить в текущей кодовой странице (1251)
G:\лабы 2сем\белодед\15\1zadanie\1dop\Hash_Table.cpp(48,16): warning C4566: символ, представленный универсальным именем символа "\u00E5", невозможно представить в текущей кодовой странице (1251)
G:\лабы 2сем\белодед\15\1zadanie\1dop\Hash_Table.cpp(48,16): warning C4566: символ, представленный универсальным именем символа "\u00ED", невозможно представить в текущей кодовой странице (1251)
G:\лабы 2сем\белодед\15\1zadanie\1dop\Hash_Table.cpp(48,16): warning C4566: символ, представленный универсальным именем символа "\u00FB", невозможно представить в текущей кодовой странице (1251)
G:\лабы 2сем\белодед\15\1zadanie\1dop\Hash_Table.cpp(48,16): warning C4566: символ, представленный универсальным именем символа "\u00E7", невозможно представить в текущей кодовой странице (1251)
G:\лабы 2сем\белодед\15\1zadanie\1dop\Hash_Table.cpp(48,16): warning C4566: символ, представленный универсальным именем символа "\u00EF", невозможно представить в текущей кодовой странице (1251)
G:\лабы 2сем\белодед\15\1zadanie\1dop\Hash_Table.cpp(48,16): warning C4566: символ, представленный универсальным именем символа "\u00E8", невозможно представить в текущей кодовой странице (1251)
G:\лабы 2сем\белодед\15\1zadanie\1dop\Hash_Table.cpp(48,16): warning C4566: символ, представленный универсальным именем символа "\u00F1", невозможно представить в текущей кодовой странице (1251)
  Lists.cpp
G:\лабы 2сем\белодед\15\1zadanie\1dop\Lists.h(47,1): warning C4067: непредвиденные лексемы за директивой препроцессора, требуется newline
G:\лабы 2сем\белодед\15\1zadanie\1dop\Lists.cpp(41,16): warning C4566: символ, представленный универсальным именем символа "\u00DD", невозможно представить в текущей кодовой странице (1251)
G:\лабы 2сем\белодед\15\1zadanie\1dop\Lists.cpp(41,16): warning C4566: символ, представленный универсальным именем символа "\u00EB", невозможно представить в текущей кодовой странице (1251)
G:\лабы 2сем\белодед\15\1zadanie\1dop\Lists.cpp(41,16): warning C4566: символ, представленный универсальным именем символа "\u00E5", невозможно представить в текущей кодовой странице (1251)
G:\лабы 2сем\белодед\15\1zadanie\1dop\Lists.cpp(41,16): warning C4566: символ, представленный универсальным именем символа "\u00EC", невозможно представить в текущей кодовой странице (1251)
G:\лабы 2сем\белодед\15\1zadanie\1dop\Lists.cpp(41,16): warning C4566: символ, представленный универсальным именем символа "\u00ED", невозможно представить в текущей кодовой странице (1251)
G:\лабы 2сем\белодед\15\1zadanie\1dop\Lists.cpp(41,16): warning C4566: символ, представленный универсальным именем символа "\u00F2", невозможно представить в текущей кодовой странице (1251)
G:\лабы 2сем\белодед\15\1zadanie\1dop\Lists.cpp(41,16): warning C4566: символ, представленный универсальным именем символа "\u00F3", невозможно представить в текущей кодовой странице (1251)
G:\лабы 2сем\белодед\15\1zadanie\1dop\Lists.cpp(41,16): warning C4566: символ, представленный универсальным именем символа "\u00E4", невозможно представить в текущей кодовой странице (1251)
G:\лабы 2сем\белодед\15\1zadanie\1dop\Lists.cpp(41,16): warning C4566: символ, представленный универсальным именем символа "\u00E0", невозможно представить в текущей кодовой странице (1251)
G:\лабы 2сем\белодед\15\1zadanie\1dop\Lists.cpp(71,17): warning C4566: символ, представленный универсальным именем символа "\u00CA", невозможно представить в текущей кодовой странице (1251)
G:\лабы 2сем\белодед\15\1zadanie\1dop\Lists.cpp(71,17): warning C4566: символ, представленный универсальным именем символа "\u00EB", невозможно представить в текущей кодовой странице (1251)
G:\лабы 2сем\белодед\15\1zadanie\1dop\Lists.cpp(71,17): warning C4566: символ, представленный универсальным именем символа "\u00FE", невозможно представить в текущей кодовой странице (1251)
G:\лабы 2сем\белодед\15\1zadanie\1dop\Lists.cpp(71,17): warning C4566: символ, представленный универсальным именем символа "\u00F7", невозможно представить в текущей кодовой странице (1251)
G:\лабы 2сем\белодед\15\1zadanie\1dop\Lists.cpp(71,65): warning C4566: символ, представленный универсальным именем символа "\u00D1", невозможно представить в текущей кодовой странице (1251)
G:\лабы 2сем\белодед\15\1zadanie\1dop\Lists.cpp(71,65): warning C4566: символ, представленный универсальным именем символа "\u00F2", невозможно представить в текущей кодовой странице (1251)
G:\лабы 2сем\белодед\15\1zadanie\1dop\Lists.cpp(71,65): warning C4566: символ, представленный универсальным именем символа "\u00F0", невозможно представить в текущей кодовой странице (1251)
G:\лабы 2сем\белодед\15\1zadanie\1dop\Lists.cpp(71,65): warning C4566: символ, представленный универсальным именем символа "\u00EE", невозможно представить в текущей кодовой странице (1251)
G:\лабы 2сем\белодед\15\1zadanie\1dop\Lists.cpp(71,65): warning C4566: символ, представленный универсальным именем символа "\u00EA", невозможно представить в текущей кодовой странице (1251)
G:\лабы 2сем\белодед\15\1zadanie\1dop\Lists.cpp(71,65): warning C4566: символ, представленный универсальным именем символа "\u00E0", невозможно представить в текущей кодовой странице (1251)
G:\лабы 2сем\белодед\15\1zadanie\1dop\Lists.cpp(77,17): warning C4566: символ, представленный универсальным именем символа "\u00CF", невозможно представить в текущей кодовой странице (1251)
G:\лабы 2сем\белодед\15\1zadanie\1dop\Lists.cpp(77,17): warning C4566: символ, представленный универсальным именем символа "\u00F3", невозможно представить в текущей кодовой странице (1251)
G:\лабы 2сем\белодед\15\1zadanie\1dop\Lists.cpp(77,17): warning C4566: символ, представленный универсальным именем символа "\u00F1", невозможно представить в текущей кодовой странице (1251)
G:\лабы 2сем\белодед\15\1zadanie\1dop\Lists.cpp(77,17): warning C4566: символ, представленный универсальным именем символа "\u00F2", невозможно представить в текущей кодовой странице (1251)
G:\лабы 2сем\белодед\15\1zadanie\1dop\Lists.cpp(77,17): warning C4566: символ, представленный универсальным именем символа "\u00E0", невозможно представить в текущей кодовой странице (1251)
G:\лабы 2сем\белодед\15\1zadanie\1dop\Lists.cpp(77,17): warning C4566: символ, представленный универсальным именем символа "\u00FF", невозможно представить в текущей кодовой странице (1251)
G:\лабы 2сем\белодед\15\1zadanie\1dop\Lists.cpp(77,17): warning C4566: символ, представленный универсальным именем символа "\u00F7", невозможно представить в текущей кодовой странице (1251)
G:\лабы 2сем\белодед\15\1zadanie\1dop\Lists.cpp(77,17): warning C4566: символ, представленный универсальным именем символа "\u00E5", невозможно представить в текущей кодовой странице (1251)
G:\лабы 2сем\белодед\15\1zadanie\1dop\Lists.cpp(77,17): warning C4566: символ, представленный универсальным именем символа "\u00E9", невозможно представить в текущей кодовой странице (1251)
G:\лабы 2сем\белодед\15\1zadanie\1dop\Lists.cpp(77,17): warning C4566: символ, представленный универсальным именем символа "\u00EA", невозможно представить в текущей кодовой странице (1251)
  Создание кода...
  1dop.vcxproj -> G:\лабы 2сем\белодед\15\1zadanie\Debug\1dop.exe
