  Source.cpp
G:\лабы 2сем\белодед\14\1zadanie\1dop\Header.h(18,1): warning C4067: непредвиденные лексемы за директивой препроцессора, требуется newline
G:\лабы 2сем\белодед\14\1zadanie\1dop\Source.cpp(91,16): warning C4566: символ, представленный универсальным именем символа "\u00DD", невозможно представить в текущей кодовой странице (1251)
G:\лабы 2сем\белодед\14\1zadanie\1dop\Source.cpp(91,16): warning C4566: символ, представленный универсальным именем символа "\u00EB", невозможно представить в текущей кодовой странице (1251)
G:\лабы 2сем\белодед\14\1zadanie\1dop\Source.cpp(91,16): warning C4566: символ, представленный универсальным именем символа "\u00E5", невозможно представить в текущей кодовой странице (1251)
G:\лабы 2сем\белодед\14\1zadanie\1dop\Source.cpp(91,16): warning C4566: символ, представленный универсальным именем символа "\u00EC", невозможно представить в текущей кодовой странице (1251)
G:\лабы 2сем\белодед\14\1zadanie\1dop\Source.cpp(91,16): warning C4566: символ, представленный универсальным именем символа "\u00ED", невозможно представить в текущей кодовой странице (1251)
G:\лабы 2сем\белодед\14\1zadanie\1dop\Source.cpp(91,16): warning C4566: символ, представленный универсальным именем символа "\u00F2", невозможно представить в текущей кодовой странице (1251)
G:\лабы 2сем\белодед\14\1zadanie\1dop\Source.cpp(93,17): warning C4566: символ, представленный универсальным именем символа "\u00EF", невозможно представить в текущей кодовой странице (1251)
G:\лабы 2сем\белодед\14\1zadanie\1dop\Source.cpp(93,17): warning C4566: символ, представленный универсальным именем символа "\u00F3", невозможно представить в текущей кодовой странице (1251)
G:\лабы 2сем\белодед\14\1zadanie\1dop\Source.cpp(93,17): warning C4566: символ, представленный универсальным именем символа "\u00F1", невозможно представить в текущей кодовой странице (1251)
G:\лабы 2сем\белодед\14\1zadanie\1dop\Source.cpp(93,17): warning C4566: символ, представленный универсальным именем символа "\u00F2", невозможно представить в текущей кодовой странице (1251)
G:\лабы 2сем\белодед\14\1zadanie\1dop\Source.cpp(93,17): warning C4566: символ, представленный универсальным именем символа "\u00EE", невозможно представить в текущей кодовой странице (1251)
G:\лабы 2сем\белодед\14\1zadanie\1dop\Source.cpp(96,18): warning C4566: символ, представленный универсальным именем символа "\u00F3", невозможно представить в текущей кодовой странице (1251)
G:\лабы 2сем\белодед\14\1zadanie\1dop\Source.cpp(96,18): warning C4566: символ, представленный универсальным именем символа "\u00E4", невозможно представить в текущей кодовой странице (1251)
G:\лабы 2сем\белодед\14\1zadanie\1dop\Source.cpp(96,18): warning C4566: символ, представленный универсальным именем символа "\u00E0", невозможно представить в текущей кодовой странице (1251)
G:\лабы 2сем\белодед\14\1zadanie\1dop\Source.cpp(96,18): warning C4566: символ, представленный универсальным именем символа "\u00EB", невозможно представить в текущей кодовой странице (1251)
G:\лабы 2сем\белодед\14\1zadanie\1dop\Source.cpp(96,18): warning C4566: символ, представленный универсальным именем символа "\u00E5", невозможно представить в текущей кодовой странице (1251)
G:\лабы 2сем\белодед\14\1zadanie\1dop\Source.cpp(96,18): warning C4566: символ, представленный универсальным именем символа "\u00ED", невозможно представить в текущей кодовой странице (1251)
  1dop.vcxproj -> G:\лабы 2сем\белодед\14\1zadanie\Debug\1dop.exe
