  3dop.cpp
G:\лабы 2сем\белодед\15\1zadanie\3dop\Lists.h(47,1): warning C4067: непредвиденные лексемы за директивой препроцессора, требуется newline
G:\лабы 2сем\белодед\15\1zadanie\3dop\3dop.cpp(48,12): warning C4244: аргумент: преобразование "time_t" в "unsigned int", возможна потеря данных
  Hash_Table.cpp
G:\лабы 2сем\белодед\15\1zadanie\3dop\Lists.h(47,1): warning C4067: непредвиденные лексемы за директивой препроцессора, требуется newline
G:\лабы 2сем\белодед\15\1zadanie\3dop\Hash_Table.cpp(60,16): warning C4566: символ, представленный универсальным именем символа "\u00CD", невозможно представить в текущей кодовой странице (1251)
G:\лабы 2сем\белодед\15\1zadanie\3dop\Hash_Table.cpp(60,16): warning C4566: символ, представленный универсальным именем символа "\u00E0", невозможно представить в текущей кодовой странице (1251)
G:\лабы 2сем\белодед\15\1zadanie\3dop\Hash_Table.cpp(60,16): warning C4566: символ, представленный универсальным именем символа "\u00E9", невозможно представить в текущей кодовой странице (1251)
G:\лабы 2сем\белодед\15\1zadanie\3dop\Hash_Table.cpp(60,16): warning C4566: символ, представленный универсальным именем символа "\u00E4", невозможно представить в текущей кодовой странице (1251)
G:\лабы 2сем\белодед\15\1zadanie\3dop\Hash_Table.cpp(60,16): warning C4566: символ, представленный универсальным именем символа "\u00E5", невозможно представить в текущей кодовой странице (1251)
G:\лабы 2сем\белодед\15\1zadanie\3dop\Hash_Table.cpp(60,16): warning C4566: символ, представленный универсальным именем символа "\u00ED", невозможно представить в текущей кодовой странице (1251)
G:\лабы 2сем\белодед\15\1zadanie\3dop\Hash_Table.cpp(60,16): warning C4566: символ, представленный универсальным именем символа "\u00FB", невозможно представить в текущей кодовой странице (1251)
G:\лабы 2сем\белодед\15\1zadanie\3dop\Hash_Table.cpp(60,16): warning C4566: символ, представленный универсальным именем символа "\u00E7", невозможно представить в текущей кодовой странице (1251)
G:\лабы 2сем\белодед\15\1zadanie\3dop\Hash_Table.cpp(60,16): warning C4566: символ, представленный универсальным именем символа "\u00EF", невозможно представить в текущей кодовой странице (1251)
G:\лабы 2сем\белодед\15\1zadanie\3dop\Hash_Table.cpp(60,16): warning C4566: символ, представленный универсальным именем символа "\u00E8", невозможно представить в текущей кодовой странице (1251)
G:\лабы 2сем\белодед\15\1zadanie\3dop\Hash_Table.cpp(60,16): warning C4566: символ, представленный универсальным именем символа "\u00F1", невозможно представить в текущей кодовой странице (1251)
  Lists.cpp
G:\лабы 2сем\белодед\15\1zadanie\3dop\Lists.h(47,1): warning C4067: непредвиденные лексемы за директивой препроцессора, требуется newline
G:\лабы 2сем\белодед\15\1zadanie\3dop\Lists.cpp(42,16): warning C4566: символ, представленный универсальным именем символа "\u00DD", невозможно представить в текущей кодовой странице (1251)
G:\лабы 2сем\белодед\15\1zadanie\3dop\Lists.cpp(42,16): warning C4566: символ, представленный универсальным именем символа "\u00EB", невозможно представить в текущей кодовой странице (1251)
G:\лабы 2сем\белодед\15\1zadanie\3dop\Lists.cpp(42,16): warning C4566: символ, представленный универсальным именем символа "\u00E5", невозможно представить в текущей кодовой странице (1251)
G:\лабы 2сем\белодед\15\1zadanie\3dop\Lists.cpp(42,16): warning C4566: символ, представленный универсальным именем символа "\u00EC", невозможно представить в текущей кодовой странице (1251)
G:\лабы 2сем\белодед\15\1zadanie\3dop\Lists.cpp(42,16): warning C4566: символ, представленный универсальным именем символа "\u00ED", невозможно представить в текущей кодовой странице (1251)
G:\лабы 2сем\белодед\15\1zadanie\3dop\Lists.cpp(42,16): warning C4566: символ, представленный универсальным именем символа "\u00F2", невозможно представить в текущей кодовой странице (1251)
G:\лабы 2сем\белодед\15\1zadanie\3dop\Lists.cpp(42,16): warning C4566: символ, представленный универсальным именем символа "\u00F3", невозможно представить в текущей кодовой странице (1251)
G:\лабы 2сем\белодед\15\1zadanie\3dop\Lists.cpp(42,16): warning C4566: символ, представленный универсальным именем символа "\u00E4", невозможно представить в текущей кодовой странице (1251)
G:\лабы 2сем\белодед\15\1zadanie\3dop\Lists.cpp(42,16): warning C4566: символ, представленный универсальным именем символа "\u00E0", невозможно представить в текущей кодовой странице (1251)
G:\лабы 2сем\белодед\15\1zadanie\3dop\Lists.cpp(72,17): warning C4566: символ, представленный универсальным именем символа "\u00CA", невозможно представить в текущей кодовой странице (1251)
G:\лабы 2сем\белодед\15\1zadanie\3dop\Lists.cpp(72,17): warning C4566: символ, представленный универсальным именем символа "\u00EB", невозможно представить в текущей кодовой странице (1251)
G:\лабы 2сем\белодед\15\1zadanie\3dop\Lists.cpp(72,17): warning C4566: символ, представленный универсальным именем символа "\u00FE", невозможно представить в текущей кодовой странице (1251)
G:\лабы 2сем\белодед\15\1zadanie\3dop\Lists.cpp(72,17): warning C4566: символ, представленный универсальным именем символа "\u00F7", невозможно представить в текущей кодовой странице (1251)
G:\лабы 2сем\белодед\15\1zadanie\3dop\Lists.cpp(72,65): warning C4566: символ, представленный универсальным именем символа "\u00D7", невозможно представить в текущей кодовой странице (1251)
G:\лабы 2сем\белодед\15\1zadanie\3dop\Lists.cpp(72,65): warning C4566: символ, представленный универсальным именем символа "\u00E8", невозможно представить в текущей кодовой странице (1251)
G:\лабы 2сем\белодед\15\1zadanie\3dop\Lists.cpp(72,65): warning C4566: символ, представленный универсальным именем символа "\u00F1", невозможно представить в текущей кодовой странице (1251)
G:\лабы 2сем\белодед\15\1zadanie\3dop\Lists.cpp(72,65): warning C4566: символ, представленный универсальным именем символа "\u00EB", невозможно представить в текущей кодовой странице (1251)
G:\лабы 2сем\белодед\15\1zadanie\3dop\Lists.cpp(72,65): warning C4566: символ, представленный универсальным именем символа "\u00EE", невозможно представить в текущей кодовой странице (1251)
G:\лабы 2сем\белодед\15\1zadanie\3dop\Lists.cpp(78,17): warning C4566: символ, представленный универсальным именем символа "\u00CF", невозможно представить в текущей кодовой странице (1251)
G:\лабы 2сем\белодед\15\1zadanie\3dop\Lists.cpp(78,17): warning C4566: символ, представленный универсальным именем символа "\u00F3", невозможно представить в текущей кодовой странице (1251)
G:\лабы 2сем\белодед\15\1zadanie\3dop\Lists.cpp(78,17): warning C4566: символ, представленный универсальным именем символа "\u00F1", невозможно представить в текущей кодовой странице (1251)
G:\лабы 2сем\белодед\15\1zadanie\3dop\Lists.cpp(78,17): warning C4566: символ, представленный универсальным именем символа "\u00F2", невозможно представить в текущей кодовой странице (1251)
G:\лабы 2сем\белодед\15\1zadanie\3dop\Lists.cpp(78,17): warning C4566: символ, представленный универсальным именем символа "\u00E0", невозможно представить в текущей кодовой странице (1251)
G:\лабы 2сем\белодед\15\1zadanie\3dop\Lists.cpp(78,17): warning C4566: символ, представленный универсальным именем символа "\u00FF", невозможно представить в текущей кодовой странице (1251)
G:\лабы 2сем\белодед\15\1zadanie\3dop\Lists.cpp(78,17): warning C4566: символ, представленный универсальным именем символа "\u00F7", невозможно представить в текущей кодовой странице (1251)
G:\лабы 2сем\белодед\15\1zadanie\3dop\Lists.cpp(78,17): warning C4566: символ, представленный универсальным именем символа "\u00E5", невозможно представить в текущей кодовой странице (1251)
G:\лабы 2сем\белодед\15\1zadanie\3dop\Lists.cpp(78,17): warning C4566: символ, представленный универсальным именем символа "\u00E9", невозможно представить в текущей кодовой странице (1251)
G:\лабы 2сем\белодед\15\1zadanie\3dop\Lists.cpp(78,17): warning C4566: символ, представленный универсальным именем символа "\u00EA", невозможно представить в текущей кодовой странице (1251)
G:\лабы 2сем\белодед\15\1zadanie\3dop\Lists.cpp(89,18): warning C4566: символ, представленный универсальным именем символа "\u00CA", невозможно представить в текущей кодовой странице (1251)
G:\лабы 2сем\белодед\15\1zadanie\3dop\Lists.cpp(89,18): warning C4566: символ, представленный универсальным именем символа "\u00EB", невозможно представить в текущей кодовой странице (1251)
G:\лабы 2сем\белодед\15\1zadanie\3dop\Lists.cpp(89,18): warning C4566: символ, представленный универсальным именем символа "\u00FE", невозможно представить в текущей кодовой странице (1251)
G:\лабы 2сем\белодед\15\1zadanie\3dop\Lists.cpp(89,18): warning C4566: символ, представленный универсальным именем символа "\u00F7", невозможно представить в текущей кодовой странице (1251)
G:\лабы 2сем\белодед\15\1zadanie\3dop\Lists.cpp(89,66): warning C4566: символ, представленный универсальным именем символа "\u00D7", невозможно представить в текущей кодовой странице (1251)
G:\лабы 2сем\белодед\15\1zadanie\3dop\Lists.cpp(89,66): warning C4566: символ, представленный универсальным именем символа "\u00E8", невозможно представить в текущей кодовой странице (1251)
G:\лабы 2сем\белодед\15\1zadanie\3dop\Lists.cpp(89,66): warning C4566: символ, представленный универсальным именем символа "\u00F1", невозможно представить в текущей кодовой странице (1251)
G:\лабы 2сем\белодед\15\1zadanie\3dop\Lists.cpp(89,66): warning C4566: символ, представленный универсальным именем символа "\u00EB", невозможно представить в текущей кодовой странице (1251)
G:\лабы 2сем\белодед\15\1zadanie\3dop\Lists.cpp(89,66): warning C4566: символ, представленный универсальным именем символа "\u00EE", невозможно представить в текущей кодовой странице (1251)
  Создание кода...
G:\лабы 2сем\белодед\15\1zadanie\3dop\Hash_Table.cpp(44): warning C4715: hashTC::Object::deleteByData: значение возвращается не при всех путях выполнения
  3dop.vcxproj -> G:\лабы 2сем\белодед\15\1zadanie\Debug\3dop.exe
